"R.version.4.0.2..2020.06.22."
"Platform: x86_64-w64-mingw32/x64 (64-bit)"
"Running under: Windows 10 x64 (build 17763)"
"Matrix products: default"
"locale:"
"[1] LC_COLLATE=English_United Kingdom.1252  LC_CTYPE=English_United Kingdom.1252    LC_MONETARY=English_United Kingdom.1252 LC_NUMERIC=C                           "
"[5] LC_TIME=English_United Kingdom.1252    "
"attached base packages:"
"[1] stats     graphics  grDevices utils     datasets  methods   base     "
"other attached packages:"
"[1] MSstats_3.20.3"
"loaded via a namespace (and not attached):"
" [1] tinytex_0.27          gtools_3.8.2          statmod_1.4.35        minpack.lm_1.2-1      tidyselect_1.1.0      xfun_0.19             purrr_0.3.4          "
" [8] reshape2_1.4.4        splines_4.0.2         lattice_0.20-41       colorspace_2.0-0      vctrs_0.3.5           generics_0.1.0        doSNOW_1.0.19        "
"[15] snow_0.4-3            marray_1.66.0         survival_3.1-12       rlang_0.4.9           pillar_1.4.7          nloptr_1.2.2.2        glue_1.4.2           "
"[22] foreach_1.5.1         lifecycle_0.2.0       plyr_1.8.6            stringr_1.4.0         munsell_0.5.0         gtable_0.3.0          caTools_1.18.0       "
"[29] codetools_0.2-16      parallel_4.0.2        preprocessCore_1.50.0 broom_0.7.2           Rcpp_1.0.5            KernSmooth_2.23-17    scales_1.1.1         "
"[36] backports_1.2.0       limma_3.44.3          lme4_1.1-26           gplots_3.1.1          ggplot2_3.3.2         stringi_1.5.3         dplyr_1.0.2          "
"[43] ggrepel_0.8.2         grid_4.0.2            tools_4.0.2           bitops_1.0-6          magrittr_2.0.1        tibble_3.0.4          crayon_1.3.4         "
"[50] tidyr_1.1.2           pkgconfig_2.0.3       MASS_7.3-51.6         ellipsis_0.3.1        Matrix_1.2-18         data.table_1.13.2     minqa_1.2.4          "
"[57] rstudioapi_0.13       iterators_1.0.13      R6_2.5.0              boot_1.3-25           nlme_3.1-148          compiler_4.0.2       "
" "
" "
"MSstats - dataProcess function"
" "
"The required input : provided - okay"
"summaryMethod : linear"
"cutoffCensored : minFeature"
"censoredInt : "
"New input format : made new columns for analysis - okay"
"** There are 8 intensities which are zero. These intensities are replaced with 1."
"Logarithm transformation: log2 transformation is done - okay"
"fillIncompleteRows = TRUE"
"Balanced data format with NA for missing feature intensities - okay"
"Factorize in columns(GROUP, SUBJECT, GROUP_ORIGINAL, 
	                                  SUBJECT_ORIGINAL, SUBJECT_ORIGINAL_NESTED, FEATURE, RUN) - okay"
"Normalization : no normalization - okay"
"** Use all features that the dataset origianally has."
"1 level of Isotope type labeling in this experiment"
"Summary of Features :"
"# of Protein : 315"
"# of Peptides/Protein : 2-7"
"# of Transitions/Peptide : 1-1"
"Summary of Missingness :"
"  # transitions are completely missing in at least one of the conditions : 0"
"  # run with 75% missing observations: 0"
"Processing data for analysis is done. - okay"
"the summarization per subplot is done.- okay : linear"
