"R.version.4.0.2..2020.06.22."
"Platform: x86_64-w64-mingw32/x64 (64-bit)"
"Running under: Windows 10 x64 (build 17763)"
"Matrix products: default"
"locale:"
"[1] LC_COLLATE=English_United Kingdom.1252  LC_CTYPE=English_United Kingdom.1252    LC_MONETARY=English_United Kingdom.1252"
"[4] LC_NUMERIC=C                            LC_TIME=English_United Kingdom.1252    "
"attached base packages:"
"[1] stats     graphics  grDevices utils     datasets  methods   base     "
"other attached packages:"
"[1] MSstats_3.20.3 limma_3.44.3  "
"loaded via a namespace (and not attached):"
" [1] gtools_3.8.2          statmod_1.4.35        minpack.lm_1.2-1      tidyselect_1.1.0      reshape2_1.4.4        purrr_0.3.4          "
" [7] splines_4.0.2         lattice_0.20-41       colorspace_2.0-0      vctrs_0.3.6           generics_0.1.0        doSNOW_1.0.19        "
"[13] snow_0.4-3            marray_1.66.0         utf8_1.2.1            survival_3.1-12       rlang_0.4.10          pillar_1.5.1         "
"[19] nloptr_1.2.2.2        glue_1.4.2            DBI_1.1.1             plyr_1.8.6            foreach_1.5.1         lifecycle_1.0.0      "
"[25] stringr_1.4.0         munsell_0.5.0         gtable_0.3.0          caTools_1.18.1        codetools_0.2-16      parallel_4.0.2       "
"[31] fansi_0.4.2           preprocessCore_1.50.0 broom_0.7.5           Rcpp_1.0.6            KernSmooth_2.23-17    scales_1.1.1         "
"[37] backports_1.2.1       BiocManager_1.30.10   lme4_1.1-26           gplots_3.1.1          ggplot2_3.3.3         stringi_1.5.3        "
"[43] dplyr_1.0.5           ggrepel_0.9.1         grid_4.0.2            bitops_1.0-6          tools_4.0.2           magrittr_2.0.1       "
"[49] tibble_3.1.0          crayon_1.4.1          tidyr_1.1.3           pkgconfig_2.0.3       MASS_7.3-51.6         ellipsis_0.3.1       "
"[55] Matrix_1.2-18         data.table_1.14.0     assertthat_0.2.1      minqa_1.2.4           iterators_1.0.13      R6_2.5.0             "
"[61] boot_1.3-25           nlme_3.1-148          compiler_4.0.2       "
