"R.version.4.0.2..2020.06.22."
"Platform: x86_64-w64-mingw32/x64 (64-bit)"
"Running under: Windows 10 x64 (build 17763)"
"Matrix products: default"
"locale:"
"[1] LC_COLLATE=English_United Kingdom.1252  LC_CTYPE=English_United Kingdom.1252    LC_MONETARY=English_United Kingdom.1252"
"[4] LC_NUMERIC=C                            LC_TIME=English_United Kingdom.1252    "
"attached base packages:"
"[1] stats     graphics  grDevices utils     datasets  methods   base     "
"other attached packages:"
"[1] reshape2_1.4.4    MSstatsHack_0.1.0"
"loaded via a namespace (and not attached):"
"[1] compiler_4.0.2 magrittr_2.0.1 plyr_1.8.6     tools_4.0.2    Rcpp_1.0.6     stringi_1.5.3  stringr_1.4.0 "
" "
" "
"MSstats - dataProcess function"
" "
"The required input : provided - okay"
"summaryMethod : linear"
"cutoffCensored : minFeature"
"censoredInt : "
"New input format : made new columns for analysis - okay"
"** There are 8 intensities which are zero. These intensities are replaced with 1."
"Logarithm transformation: log2 transformation is done - okay"
"fillIncompleteRows = TRUE"
"Balanced data format with NA for missing feature intensities - okay"
"Factorize in columns(GROUP, SUBJECT, GROUP_ORIGINAL, 
	                                  SUBJECT_ORIGINAL, SUBJECT_ORIGINAL_NESTED, FEATURE, RUN) - okay"
"Normalization : no normalization - okay"
"** Use all features that the dataset origianally has."
"1 level of Isotope type labeling in this experiment"
"Summary of Features :"
"# of Protein : 315"
"# of Peptides/Protein : 2-7"
"# of Transitions/Peptide : 1-1"
"Summary of Missingness :"
"  # transitions are completely missing in at least one of the conditions : 0"
"  # run with 75% missing observations: 0"
"Processing data for analysis is done. - okay"
"the summarization per subplot is done.- okay : linear"
" "
" "
"MSstats - groupComparison function"
" "
"labeled = FALSE"
"scopeOfBioReplication = expanded"
"Case control design of experiment - okay"
"error : can't analyze O00116|ADAS_HUMAN for comparison."
